<?xml version="1.0" encoding="UTF-8"?>
<!-- Generated by org.testng.reporters.JUnitXMLReporter -->
<testsuite ignored="0" hostname="DESKTOP-00U1O2E" failures="1" tests="1" name="Test" time="12.192" errors="0" timestamp="2023-04-29T20:41:03 IST">
  <testcase classname="com.updating.resume.testscripts.NoukariRunner" name="updateNoukari" time="12.156">
    <failure type="java.lang.NullPointerException" message="Cannot invoke &amp;quot;org.openqa.selenium.WebDriver.close()&amp;quot; because &amp;quot;com.updating.resume.util.CommonUtil.driver&amp;quot; is null">
      <![CDATA[java.lang.NullPointerException: Cannot invoke "org.openqa.selenium.WebDriver.close()" because "com.updating.resume.util.CommonUtil.driver" is null
at com.updating.resume.util.CommonUtil.closeBrowser(CommonUtil.java:57)
at com.updating.resume.testscripts.NoukariRunner.updateNoukari(NoukariRunner.java:47)
at java.base/java.util.ArrayList.forEach(ArrayList.java:1511)
... Removed 27 stack frames]]>
    </failure>
  </testcase> <!-- updateNoukari -->
</testsuite> <!-- Test -->
